#
# There is insufficient memory for the Java Runtime Environment to continue.
# Native memory allocation (malloc) failed to allocate 1082736 bytes for Chunk::new
# Possible reasons:
#   The system is out of physical RAM or swap space
#   The process is running with CompressedOops enabled, and the Java Heap may be blocking the growth of the native heap
# Possible solutions:
#   Reduce memory load on the system
#   Increase physical memory or swap space
#   Check if swap backing store is full
#   Decrease Java heap size (-Xmx/-Xms)
#   Decrease number of Java threads
#   Decrease Java thread stack sizes (-Xss)
#   Set larger code cache with -XX:ReservedCodeCacheSize=
#   JVM is running with Unscaled Compressed Oops mode in which the Java heap is
#     placed in the first 4GB address space. The Java Heap base address is the
#     maximum limit for the native heap growth. Please use -XX:HeapBaseMinAddress
#     to set the Java Heap base and to place the Java Heap above 4GB virtual address.
# This output file may be truncated or incomplete.
#
#  Out of Memory Error (allocation.cpp:389), pid=14672, tid=0x00000000000002c0
#
# JRE version: OpenJDK Runtime Environment (8.0_202-b03) (build 1.8.0_202-release-1483-b03)
# Java VM: OpenJDK 64-Bit Server VM (25.202-b03 mixed mode windows-amd64 compressed oops)
# Failed to write core dump. Minidumps are not enabled by default on client versions of Windows
#

---------------  T H R E A D  ---------------

Current thread (0x0000000016f5a800):  JavaThread "C2 CompilerThread1" daemon [_thread_in_native, id=704, stack(0x00000000196b0000,0x00000000197b0000)]

Stack: [0x00000000196b0000,0x00000000197b0000]
[error occurred during error reporting (printing stack bounds), id 0xc0000005]

Native frames: (J=compiled Java code, j=interpreted, Vv=VM code, C=native code)


Current CompileTask:
C2: 629290 11028       4       com.sun.org.apache.xerces.internal.impl.XMLNSDocumentScannerImpl::scanStartElement (1026 bytes)


---------------  P R O C E S S  ---------------

Java Threads: ( => current thread )
  0x000000001e27f000 JavaThread "stdout" daemon [_thread_in_native, id=16684, stack(0x0000000027c90000,0x0000000027d90000)]
  0x000000001e286000 JavaThread "stderr" daemon [_thread_in_native, id=8472, stack(0x0000000027b90000,0x0000000027c90000)]
  0x000000001e27e800 JavaThread "stdout" daemon [_thread_in_native, id=13936, stack(0x0000000027a90000,0x0000000027b90000)]
  0x000000001e281800 JavaThread "stderr" daemon [_thread_in_native, id=7080, stack(0x0000000027990000,0x0000000027a90000)]
  0x000000001e285000 JavaThread "stdout" daemon [_thread_in_native, id=3188, stack(0x0000000027890000,0x0000000027990000)]
  0x000000001e284800 JavaThread "stderr" daemon [_thread_in_native, id=12292, stack(0x0000000027790000,0x0000000027890000)]
  0x000000001e283000 JavaThread "queued-resource-processor_24" daemon [_thread_blocked, id=4700, stack(0x0000000027490000,0x0000000027590000)]
  0x000000001e282000 JavaThread "queued-resource-processor_23" daemon [_thread_blocked, id=12656, stack(0x0000000027390000,0x0000000027490000)]
  0x000000001eae7800 JavaThread "queued-resource-processor_22" daemon [_thread_blocked, id=11128, stack(0x0000000027290000,0x0000000027390000)]
  0x000000001eae6000 JavaThread "queued-resource-processor_21" daemon [_thread_blocked, id=11280, stack(0x0000000027190000,0x0000000027290000)]
  0x000000001eae8000 JavaThread "queued-resource-processor_20" daemon [_thread_blocked, id=2748, stack(0x0000000027090000,0x0000000027190000)]
  0x000000001eae6800 JavaThread "queued-resource-processor_19" daemon [_thread_blocked, id=10052, stack(0x0000000026f90000,0x0000000027090000)]
  0x000000001eae5000 JavaThread "queued-resource-processor_18" daemon [_thread_blocked, id=11496, stack(0x0000000026e90000,0x0000000026f90000)]
  0x000000001eae3000 JavaThread "queued-resource-processor_17" daemon [_thread_blocked, id=15208, stack(0x0000000026a90000,0x0000000026b90000)]
  0x000000002067c800 JavaThread "Task worker for ':' Thread 7" [_thread_blocked, id=3644, stack(0x0000000026990000,0x0000000026a90000)]
  0x000000002067a000 JavaThread "Task worker for ':' Thread 6" [_thread_blocked, id=6776, stack(0x0000000026890000,0x0000000026990000)]
  0x000000002067b800 JavaThread "Task worker for ':' Thread 5" [_thread_blocked, id=12804, stack(0x0000000026790000,0x0000000026890000)]
  0x0000000020679800 JavaThread "Task worker for ':' Thread 4" [_thread_blocked, id=16412, stack(0x0000000026690000,0x0000000026790000)]
  0x000000002067f000 JavaThread "Task worker for ':' Thread 3" [_thread_blocked, id=8364, stack(0x0000000026590000,0x0000000026690000)]
  0x000000002067b000 JavaThread "Task worker for ':' Thread 2" [_thread_blocked, id=9456, stack(0x0000000025ff0000,0x00000000260f0000)]
  0x0000000020678800 JavaThread "Task worker for ':'" [_thread_blocked, id=9768, stack(0x0000000025ca0000,0x0000000025da0000)]
  0x000000002067e000 JavaThread "Cache worker for Build Output Cleanup Cache (C:\Project\LoginUI-Android-master\.gradle\buildOutputCleanup)" [_thread_blocked, id=12272, stack(0x0000000025ba0000,0x0000000025ca0000)]
  0x0000000020671000 JavaThread "Cache worker for task history cache (C:\Project\LoginUI-Android-master\.gradle\4.4\taskHistory)" [_thread_blocked, id=4272, stack(0x0000000025aa0000,0x0000000025ba0000)]
  0x0000000020678000 JavaThread "Cache worker for file content cache (C:\Project\LoginUI-Android-master\.gradle\4.4\fileContent)" [_thread_blocked, id=16576, stack(0x0000000023380000,0x0000000023480000)]
  0x0000000020674000 JavaThread "build operations Thread 8" [_thread_blocked, id=15300, stack(0x0000000023280000,0x0000000023380000)]
  0x0000000020673800 JavaThread "build operations Thread 7" [_thread_blocked, id=3316, stack(0x0000000023180000,0x0000000023280000)]
  0x0000000020676800 JavaThread "build operations Thread 6" [_thread_blocked, id=14624, stack(0x0000000023080000,0x0000000023180000)]
  0x0000000020677000 JavaThread "build operations Thread 5" [_thread_blocked, id=13392, stack(0x0000000022f80000,0x0000000023080000)]
  0x0000000020672000 JavaThread "build operations Thread 4" [_thread_blocked, id=15388, stack(0x0000000022e80000,0x0000000022f80000)]
  0x000000001a7df800 JavaThread "build operations Thread 3" [_thread_blocked, id=396, stack(0x0000000022d80000,0x0000000022e80000)]
  0x000000001a7e5800 JavaThread "build operations Thread 2" [_thread_blocked, id=1604, stack(0x0000000022c80000,0x0000000022d80000)]
  0x000000001a7e6000 JavaThread "build operations" [_thread_blocked, id=1868, stack(0x000000001e820000,0x000000001e920000)]
  0x000000001a7e4800 JavaThread "Cache worker for Artifact transforms cache (C:\Users\lynnf\.gradle\caches\transforms-1)" [_thread_blocked, id=15352, stack(0x000000001d550000,0x000000001d650000)]
  0x000000001a7e3000 JavaThread "Cache worker for file hash cache (C:\Project\LoginUI-Android-master\.gradle\4.4\fileHashes)" [_thread_blocked, id=2472, stack(0x000000001bf80000,0x000000001c080000)]
  0x000000001a7e1000 JavaThread "Stdin handler" [_thread_blocked, id=11428, stack(0x000000001be80000,0x000000001bf80000)]
  0x000000001a7e2800 JavaThread "Asynchronous log dispatcher for DefaultDaemonConnection: socket connection from /127.0.0.1:11565 to /127.0.0.1:11646" [_thread_blocked, id=1616, stack(0x000000001b980000,0x000000001ba80000)]
  0x000000001a7e4000 JavaThread "Cancel handler" [_thread_blocked, id=16280, stack(0x0000000001240000,0x0000000001340000)]
  0x000000001a7e1800 JavaThread "Handler for socket connection from /127.0.0.1:11565 to /127.0.0.1:11646" [_thread_in_native, id=5184, stack(0x0000000001140000,0x0000000001240000)]
  0x000000001eae2000 JavaThread "Daemon worker Thread 2" [_thread_blocked, id=15576, stack(0x000000001b880000,0x000000001b980000)]
  0x000000001eae4800 JavaThread "Daemon Thread 2" [_thread_blocked, id=13628, stack(0x0000000001040000,0x0000000001140000)]
  0x0000000020675800 JavaThread "Memory manager" [_thread_blocked, id=10984, stack(0x0000000022b80000,0x0000000022c80000)]
  0x0000000020675000 JavaThread "pool-1-thread-1" [_thread_blocked, id=6068, stack(0x000000001fbb0000,0x000000001fcb0000)]
  0x0000000019fdf000 JavaThread "File lock request listener" [_thread_in_native, id=11660, stack(0x000000001c480000,0x000000001c580000)]
  0x0000000019fde800 JavaThread "Cache worker for file hash cache (C:\Users\lynnf\.gradle\caches\4.4\fileHashes)" [_thread_blocked, id=9372, stack(0x000000001c380000,0x000000001c480000)]
  0x0000000018f44000 JavaThread "Daemon periodic checks" [_thread_blocked, id=12408, stack(0x000000001b780000,0x000000001b880000)]
  0x000000001acc8800 JavaThread "Incoming local TCP Connector on port 11565" [_thread_in_native, id=2412, stack(0x000000001b5a0000,0x000000001b6a0000)]
  0x0000000018e41800 JavaThread "Service Thread" daemon [_thread_blocked, id=7852, stack(0x00000000199b0000,0x0000000019ab0000)]
  0x0000000018df0000 JavaThread "C1 CompilerThread3" daemon [_thread_blocked, id=3592, stack(0x00000000198b0000,0x00000000199b0000)]
  0x0000000016f5e800 JavaThread "C2 CompilerThread2" daemon [_thread_blocked, id=3912, stack(0x00000000197b0000,0x00000000198b0000)]
=>0x0000000016f5a800 JavaThread "C2 CompilerThread1" daemon [_thread_in_native, id=704, stack(0x00000000196b0000,0x00000000197b0000)]
  0x0000000018d5c800 JavaThread "C2 CompilerThread0" daemon [_thread_blocked, id=6156, stack(0x00000000195b0000,0x00000000196b0000)]
  0x0000000018db8800 JavaThread "Attach Listener" daemon [_thread_blocked, id=9408, stack(0x00000000194b0000,0x00000000195b0000)]
  0x0000000018db7000 JavaThread "Signal Dispatcher" daemon [_thread_blocked, id=3460, stack(0x00000000193b0000,0x00000000194b0000)]
  0x000000000316e000 JavaThread "Finalizer" daemon [_thread_blocked, id=3984, stack(0x0000000019220000,0x0000000019320000)]
  0x0000000003167000 JavaThread "Reference Handler" daemon [_thread_blocked, id=12604, stack(0x0000000019120000,0x0000000019220000)]
  0x000000000306e800 JavaThread "main" [_thread_blocked, id=5900, stack(0x0000000002f60000,0x0000000003060000)]

Other Threads:
  0x0000000016f46000 VMThread [stack: 0x0000000018c20000,0x0000000018d20000] [id=14260]
  0x0000000018e42000 WatcherThread [stack: 0x0000000019ab0000,0x0000000019bb0000] [id=140]

VM state:not at safepoint (normal execution)

VM Mutex/Monitor currently owned by a thread: None

heap address: 0x00000000a0000000, size: 1536 MB, Compressed Oops mode: 32-bit
Narrow klass base: 0x0000000000000000, Narrow klass shift: 3
Compressed class space size: 1073741824 Address: 0x0000000100000000

Heap:
 PSYoungGen      total 205312K, used 28611K [0x00000000e0000000, 0x00000000edf80000, 0x0000000100000000)
  eden space 181760K, 2% used [0x00000000e0000000,0x00000000e04f1df8,0x00000000eb180000)
  from space 23552K, 99% used [0x00000000eb180000,0x00000000ec87ee80,0x00000000ec880000)
  to   space 19968K, 0% used [0x00000000eca00000,0x00000000eca00000,0x00000000edd80000)
 ParOldGen       total 131072K, used 45863K [0x00000000a0000000, 0x00000000a8000000, 0x00000000e0000000)
  object space 131072K, 34% used [0x00000000a0000000,0x00000000a2cc9db8,0x00000000a8000000)
 Metaspace       used 71452K, capacity 74098K, committed 74200K, reserved 1114112K
  class space    used 9318K, capacity 9881K, committed 9944K, reserved 1048576K

Card table byte_map: [0x0000000012530000,0x0000000012840000] byte_map_base: 0x0000000012030000

Marking Bits: (ParMarkBitMap*) 0x0000000066229f30
 Begin Bits: [0x0000000013240000, 0x0000000014a40000)
 End Bits:   [0x0000000014a40000, 0x0000000016240000)

Polling page: 0x00000000013e0000

CodeCache: size=245760Kb used=32457Kb max_used=32513Kb free=213302Kb
 bounds [0x0000000003170000, 0x0000000005160000, 0x0000000012170000]
 total_blobs=10407 nmethods=9580 adapters=739
 compilation: enabled

Compilation events (10 events):
Event: 629.042 Thread 0x0000000016f5e800 nmethod 11303 0x000000000514b890 code [0x000000000514b9e0, 0x000000000514be18]
Event: 629.043 Thread 0x0000000016f5e800 11312 %     4       sun.nio.cs.UTF_8$Encoder::encodeArrayLoop @ 73 (489 bytes)
Event: 629.070 Thread 0x0000000018d5c800 nmethod 11308 0x000000000514a850 code [0x000000000514a9c0, 0x000000000514b108]
Event: 629.107 Thread 0x0000000016f5e800 nmethod 11312% 0x00000000051563d0 code [0x00000000051565c0, 0x00000000051572e0]
Event: 629.142 Thread 0x0000000018df0000 11313       3       java.nio.CharBuffer::allocate (22 bytes)
Event: 629.143 Thread 0x0000000018df0000 nmethod 11313 0x0000000003551f10 code [0x00000000035520a0, 0x00000000035524f8]
Event: 629.145 Thread 0x0000000018df0000 11314       3       java.nio.HeapCharBuffer::<init> (13 bytes)
Event: 629.145 Thread 0x0000000018df0000 nmethod 11314 0x0000000005148c10 code [0x0000000005148d80, 0x0000000005149048]
Event: 629.188 Thread 0x0000000018df0000 11315   !   3       java.lang.ThreadGroup::remove (94 bytes)
Event: 629.189 Thread 0x0000000018df0000 nmethod 11315 0x0000000005148010 code [0x00000000051481c0, 0x0000000005148888]

GC Heap History (10 events):
Event: 43.031 GC heap before
{Heap before GC invocations=14 (full 2):
 PSYoungGen      total 162304K, used 86482K [0x00000000e0000000, 0x00000000ec000000, 0x0000000100000000)
  eden space 148992K, 49% used [0x00000000e0000000,0x00000000e477c878,0x00000000e9180000)
  from space 13312K, 99% used [0x00000000e9180000,0x00000000e9e78088,0x00000000e9e80000)
  to   space 17408K, 0% used [0x00000000eaf00000,0x00000000eaf00000,0x00000000ec000000)
 ParOldGen       total 83456K, used 23546K [0x00000000a0000000, 0x00000000a5180000, 0x00000000e0000000)
  object space 83456K, 28% used [0x00000000a0000000,0x00000000a16fe850,0x00000000a5180000)
 Metaspace       used 57077K, capacity 58806K, committed 58968K, reserved 1099776K
  class space    used 7748K, capacity 8177K, committed 8280K, reserved 1048576K
Event: 43.069 GC heap after
Heap after GC invocations=14 (full 2):
 PSYoungGen      total 178176K, used 14177K [0x00000000e0000000, 0x00000000ede80000, 0x0000000100000000)
  eden space 160768K, 0% used [0x00000000e0000000,0x00000000e0000000,0x00000000e9d00000)
  from space 17408K, 81% used [0x00000000eaf00000,0x00000000ebcd8510,0x00000000ec000000)
  to   space 18432K, 0% used [0x00000000e9d00000,0x00000000e9d00000,0x00000000eaf00000)
 ParOldGen       total 83456K, used 29554K [0x00000000a0000000, 0x00000000a5180000, 0x00000000e0000000)
  object space 83456K, 35% used [0x00000000a0000000,0x00000000a1cdc9c8,0x00000000a5180000)
 Metaspace       used 57077K, capacity 58806K, committed 58968K, reserved 1099776K
  class space    used 7748K, capacity 8177K, committed 8280K, reserved 1048576K
}
Event: 43.069 GC heap before
{Heap before GC invocations=15 (full 3):
 PSYoungGen      total 178176K, used 14177K [0x00000000e0000000, 0x00000000ede80000, 0x0000000100000000)
  eden space 160768K, 0% used [0x00000000e0000000,0x00000000e0000000,0x00000000e9d00000)
  from space 17408K, 81% used [0x00000000eaf00000,0x00000000ebcd8510,0x00000000ec000000)
  to   space 18432K, 0% used [0x00000000e9d00000,0x00000000e9d00000,0x00000000eaf00000)
 ParOldGen       total 83456K, used 29554K [0x00000000a0000000, 0x00000000a5180000, 0x00000000e0000000)
  object space 83456K, 35% used [0x00000000a0000000,0x00000000a1cdc9c8,0x00000000a5180000)
 Metaspace       used 57077K, capacity 58806K, committed 58968K, reserved 1099776K
  class space    used 7748K, capacity 8177K, committed 8280K, reserved 1048576K
Event: 43.684 GC heap after
Heap after GC invocations=15 (full 3):
 PSYoungGen      total 178176K, used 0K [0x00000000e0000000, 0x00000000ede80000, 0x0000000100000000)
  eden space 160768K, 0% used [0x00000000e0000000,0x00000000e0000000,0x00000000e9d00000)
  from space 17408K, 0% used [0x00000000eaf00000,0x00000000eaf00000,0x00000000ec000000)
  to   space 18432K, 0% used [0x00000000e9d00000,0x00000000e9d00000,0x00000000eaf00000)
 ParOldGen       total 131072K, used 36115K [0x00000000a0000000, 0x00000000a8000000, 0x00000000e0000000)
  object space 131072K, 27% used [0x00000000a0000000,0x00000000a2344da8,0x00000000a8000000)
 Metaspace       used 57077K, capacity 58806K, committed 58968K, reserved 1099776K
  class space    used 7748K, capacity 8177K, committed 8280K, reserved 1048576K
}
Event: 49.159 GC heap before
{Heap before GC invocations=16 (full 3):
 PSYoungGen      total 178176K, used 160768K [0x00000000e0000000, 0x00000000ede80000, 0x0000000100000000)
  eden space 160768K, 100% used [0x00000000e0000000,0x00000000e9d00000,0x00000000e9d00000)
  from space 17408K, 0% used [0x00000000eaf00000,0x00000000eaf00000,0x00000000ec000000)
  to   space 18432K, 0% used [0x00000000e9d00000,0x00000000e9d00000,0x00000000eaf00000)
 ParOldGen       total 131072K, used 36115K [0x00000000a0000000, 0x00000000a8000000, 0x00000000e0000000)
  object space 131072K, 27% used [0x00000000a0000000,0x00000000a2344da8,0x00000000a8000000)
 Metaspace       used 62540K, capacity 64438K, committed 64728K, reserved 1105920K
  class space    used 8423K, capacity 8897K, committed 8920K, reserved 1048576K
Event: 49.184 GC heap after
Heap after GC invocations=16 (full 3):
 PSYoungGen      total 179200K, used 16695K [0x00000000e0000000, 0x00000000edd80000, 0x0000000100000000)
  eden space 160768K, 0% used [0x00000000e0000000,0x00000000e0000000,0x00000000e9d00000)
  from space 18432K, 90% used [0x00000000e9d00000,0x00000000ead4dd10,0x00000000eaf00000)
  to   space 19968K, 0% used [0x00000000eca00000,0x00000000eca00000,0x00000000edd80000)
 ParOldGen       total 131072K, used 36142K [0x00000000a0000000, 0x00000000a8000000, 0x00000000e0000000)
  object space 131072K, 27% used [0x00000000a0000000,0x00000000a234b9f8,0x00000000a8000000)
 Metaspace       used 62540K, capacity 64438K, committed 64728K, reserved 1105920K
  class space    used 8423K, capacity 8897K, committed 8920K, reserved 1048576K
}
Event: 596.348 GC heap before
{Heap before GC invocations=17 (full 3):
 PSYoungGen      total 179200K, used 177463K [0x00000000e0000000, 0x00000000edd80000, 0x0000000100000000)
  eden space 160768K, 100% used [0x00000000e0000000,0x00000000e9d00000,0x00000000e9d00000)
  from space 18432K, 90% used [0x00000000e9d00000,0x00000000ead4dd10,0x00000000eaf00000)
  to   space 19968K, 0% used [0x00000000eca00000,0x00000000eca00000,0x00000000edd80000)
 ParOldGen       total 131072K, used 36142K [0x00000000a0000000, 0x00000000a8000000, 0x00000000e0000000)
  object space 131072K, 27% used [0x00000000a0000000,0x00000000a234b9f8,0x00000000a8000000)
 Metaspace       used 69356K, capacity 71826K, committed 72024K, reserved 1112064K
  class space    used 9148K, capacity 9713K, committed 9816K, reserved 1048576K
Event: 596.365 GC heap after
Heap after GC invocations=17 (full 3):
 PSYoungGen      total 201728K, used 19941K [0x00000000e0000000, 0x00000000edf80000, 0x0000000100000000)
  eden space 181760K, 0% used [0x00000000e0000000,0x00000000e0000000,0x00000000eb180000)
  from space 19968K, 99% used [0x00000000eca00000,0x00000000edd79460,0x00000000edd80000)
  to   space 23552K, 0% used [0x00000000eb180000,0x00000000eb180000,0x00000000ec880000)
 ParOldGen       total 131072K, used 38927K [0x00000000a0000000, 0x00000000a8000000, 0x00000000e0000000)
  object space 131072K, 29% used [0x00000000a0000000,0x00000000a2603d40,0x00000000a8000000)
 Metaspace       used 69356K, capacity 71826K, committed 72024K, reserved 1112064K
  class space    used 9148K, capacity 9713K, committed 9816K, reserved 1048576K
}
Event: 629.047 GC heap before
{Heap before GC invocations=18 (full 3):
 PSYoungGen      total 201728K, used 201701K [0x00000000e0000000, 0x00000000edf80000, 0x0000000100000000)
  eden space 181760K, 100% used [0x00000000e0000000,0x00000000eb180000,0x00000000eb180000)
  from space 19968K, 99% used [0x00000000eca00000,0x00000000edd79460,0x00000000edd80000)
  to   space 23552K, 0% used [0x00000000eb180000,0x00000000eb180000,0x00000000ec880000)
 ParOldGen       total 131072K, used 38927K [0x00000000a0000000, 0x00000000a8000000, 0x00000000e0000000)
  object space 131072K, 29% used [0x00000000a0000000,0x00000000a2603d40,0x00000000a8000000)
 Metaspace       used 71451K, capacity 74098K, committed 74200K, reserved 1114112K
  class space    used 9318K, capacity 9881K, committed 9944K, reserved 1048576K
Event: 629.068 GC heap after
Heap after GC invocations=18 (full 3):
 PSYoungGen      total 205312K, used 23547K [0x00000000e0000000, 0x00000000edf80000, 0x0000000100000000)
  eden space 181760K, 0% used [0x00000000e0000000,0x00000000e0000000,0x00000000eb180000)
  from space 23552K, 99% used [0x00000000eb180000,0x00000000ec87ee80,0x00000000ec880000)
  to   space 19968K, 0% used [0x00000000eca00000,0x00000000eca00000,0x00000000edd80000)
 ParOldGen       total 131072K, used 45863K [0x00000000a0000000, 0x00000000a8000000, 0x00000000e0000000)
  object space 131072K, 34% used [0x00000000a0000000,0x00000000a2cc9db8,0x00000000a8000000)
 Metaspace       used 71451K, capacity 74098K, committed 74200K, reserved 1114112K
  class space    used 9318K, capacity 9881K, committed 9944K, reserved 1048576K
}

Deoptimization events (10 events):
Event: 628.985 Thread 0x000000002067c800 Uncommon trap: reason=unstable_if action=reinterpret pc=0x000000000509518c method=com.sun.org.apache.xerces.internal.dom.ParentNode.nodeListItem(I)Lorg/w3c/dom/Node; @ 139
Event: 628.985 Thread 0x000000002067c800 Uncommon trap: reason=bimorphic action=maybe_recompile pc=0x0000000004ffc8fc method=com.sun.org.apache.xerces.internal.dom.AttributeMap.setNamedItem(Lorg/w3c/dom/Node;)Lorg/w3c/dom/Node; @ 4
Event: 628.985 Thread 0x000000002067c800 Uncommon trap: reason=bimorphic action=maybe_recompile pc=0x0000000004ffc8fc method=com.sun.org.apache.xerces.internal.dom.AttributeMap.setNamedItem(Lorg/w3c/dom/Node;)Lorg/w3c/dom/Node; @ 4
Event: 628.985 Thread 0x000000002067c800 Uncommon trap: reason=bimorphic action=maybe_recompile pc=0x000000000506e028 method=com.sun.org.apache.xerces.internal.dom.CoreDocumentImpl.isKidOK(Lorg/w3c/dom/Node;Lorg/w3c/dom/Node;)Z @ 39
Event: 628.985 Thread 0x000000002067c800 Uncommon trap: reason=bimorphic action=maybe_recompile pc=0x000000000506e028 method=com.sun.org.apache.xerces.internal.dom.CoreDocumentImpl.isKidOK(Lorg/w3c/dom/Node;Lorg/w3c/dom/Node;)Z @ 39
Event: 628.985 Thread 0x000000002067c800 Uncommon trap: reason=bimorphic action=maybe_recompile pc=0x0000000004ffc8fc method=com.sun.org.apache.xerces.internal.dom.AttributeMap.setNamedItem(Lorg/w3c/dom/Node;)Lorg/w3c/dom/Node; @ 4
Event: 628.985 Thread 0x000000002067c800 Uncommon trap: reason=bimorphic action=maybe_recompile pc=0x000000000506e028 method=com.sun.org.apache.xerces.internal.dom.CoreDocumentImpl.isKidOK(Lorg/w3c/dom/Node;Lorg/w3c/dom/Node;)Z @ 39
Event: 628.985 Thread 0x000000002067c800 Uncommon trap: reason=bimorphic action=maybe_recompile pc=0x00000000050233b8 method=com.sun.org.apache.xerces.internal.dom.CoreDocumentImpl.isKidOK(Lorg/w3c/dom/Node;Lorg/w3c/dom/Node;)Z @ 39
Event: 629.005 Thread 0x000000002067c800 Uncommon trap: reason=unstable_if action=reinterpret pc=0x00000000050fee64 method=com.sun.org.apache.xerces.internal.dom.ChildNode.parentNode()Lcom/sun/org/apache/xerces/internal/dom/NodeImpl; @ 4
Event: 629.006 Thread 0x000000002067c800 Uncommon trap: reason=unstable_if action=reinterpret pc=0x0000000004d70c60 method=com.sun.org.apache.xerces.internal.dom.NodeImpl.isOwned(Z)V @ 2

Classes redefined (0 events):
No events

Internal exceptions (10 events):
Event: 627.577 Thread 0x000000001eae2000 Exception <a 'sun/nio/fs/WindowsException'> (0x00000000e5f7d8e8) thrown at [D:\src\AOSP-openjdk-cygwin\jdk8u\hotspot\src\share\vm\prims\jni.cpp, line 710]
Event: 627.577 Thread 0x000000001eae2000 Exception <a 'sun/nio/fs/WindowsException'> (0x00000000e5f7e630) thrown at [D:\src\AOSP-openjdk-cygwin\jdk8u\hotspot\src\share\vm\prims\jni.cpp, line 710]
Event: 627.578 Thread 0x000000001eae2000 Exception <a 'sun/nio/fs/WindowsException'> (0x00000000e5f81760) thrown at [D:\src\AOSP-openjdk-cygwin\jdk8u\hotspot\src\share\vm\prims\jni.cpp, line 710]
Event: 627.578 Thread 0x000000001eae2000 Exception <a 'sun/nio/fs/WindowsException'> (0x00000000e5f82338) thrown at [D:\src\AOSP-openjdk-cygwin\jdk8u\hotspot\src\share\vm\prims\jni.cpp, line 710]
Event: 627.578 Thread 0x000000001eae2000 Exception <a 'sun/nio/fs/WindowsException'> (0x00000000e5f83f50) thrown at [D:\src\AOSP-openjdk-cygwin\jdk8u\hotspot\src\share\vm\prims\jni.cpp, line 710]
Event: 627.578 Thread 0x000000001eae2000 Exception <a 'sun/nio/fs/WindowsException'> (0x00000000e5f84b60) thrown at [D:\src\AOSP-openjdk-cygwin\jdk8u\hotspot\src\share\vm\prims\jni.cpp, line 710]
Event: 627.578 Thread 0x000000001eae2000 Exception <a 'sun/nio/fs/WindowsException'> (0x00000000e5f87698) thrown at [D:\src\AOSP-openjdk-cygwin\jdk8u\hotspot\src\share\vm\prims\jni.cpp, line 710]
Event: 627.578 Thread 0x000000001eae2000 Exception <a 'sun/nio/fs/WindowsException'> (0x00000000e5f882e8) thrown at [D:\src\AOSP-openjdk-cygwin\jdk8u\hotspot\src\share\vm\prims\jni.cpp, line 710]
Event: 627.578 Thread 0x000000001eae2000 Exception <a 'sun/nio/fs/WindowsException'> (0x00000000e5f89f98) thrown at [D:\src\AOSP-openjdk-cygwin\jdk8u\hotspot\src\share\vm\prims\jni.cpp, line 710]
Event: 627.578 Thread 0x000000001eae2000 Exception <a 'sun/nio/fs/WindowsException'> (0x00000000e5f8ac20) thrown at [D:\src\AOSP-openjdk-cygwin\jdk8u\hotspot\src\share\vm\prims\jni.cpp, line 710]

Events (10 events):
Event: 629.204 Executing VM operation: BulkRevokeBias done
Event: 629.204 Thread 0x000000001e280800 Thread exited: 0x000000001e280800
Event: 629.216 Executing VM operation: RevokeBias
Event: 629.217 Executing VM operation: RevokeBias done
Event: 629.217 Executing VM operation: RevokeBias
Event: 629.217 Executing VM operation: RevokeBias done
Event: 629.217 Thread 0x000000001e28a800 Thread exited: 0x000000001e28a800
Event: 629.217 Thread 0x000000001e289800 Thread exited: 0x000000001e289800
Event: 629.245 Executing VM operation: RevokeBias
Event: 629.245 Executing VM operation: RevokeBias done


Dynamic libraries:
0x00007ff709650000 - 0x00007ff709681000 	C:\Program Files\Android\Android Studio\jre\bin\java.exe
0x00007ffad1460000 - 0x00007ffad1650000 	C:\WINDOWS\SYSTEM32\ntdll.dll
0x00007ffad12b0000 - 0x00007ffad1362000 	C:\WINDOWS\System32\KERNEL32.DLL
0x00007fface790000 - 0x00007ffacea33000 	C:\WINDOWS\System32\KERNELBASE.dll
0x00007ffad1370000 - 0x00007ffad1413000 	C:\WINDOWS\System32\ADVAPI32.dll
0x00007ffad0c90000 - 0x00007ffad0d2e000 	C:\WINDOWS\System32\msvcrt.dll
0x00007ffad0580000 - 0x00007ffad0617000 	C:\WINDOWS\System32\sechost.dll
0x00007ffad0f70000 - 0x00007ffad1090000 	C:\WINDOWS\System32\RPCRT4.dll
0x00007ffad0990000 - 0x00007ffad0b24000 	C:\WINDOWS\System32\USER32.dll
0x00007ffacf4e0000 - 0x00007ffacf501000 	C:\WINDOWS\System32\win32u.dll
0x00007ffad0810000 - 0x00007ffad0836000 	C:\WINDOWS\System32\GDI32.dll
0x00007fface420000 - 0x00007fface5b4000 	C:\WINDOWS\System32\gdi32full.dll
0x00007ffacea60000 - 0x00007ffaceafe000 	C:\WINDOWS\System32\msvcp_win.dll
0x00007fface690000 - 0x00007fface78a000 	C:\WINDOWS\System32\ucrtbase.dll
0x00007ffab93a0000 - 0x00007ffab9625000 	C:\WINDOWS\WinSxS\amd64_microsoft.windows.common-controls_6595b64144ccf1df_6.0.18362.535_none_e6c3b34713100821\COMCTL32.dll
0x00007ffad0240000 - 0x00007ffad0576000 	C:\WINDOWS\System32\combase.dll
0x00007fface5c0000 - 0x00007fface640000 	C:\WINDOWS\System32\bcryptPrimitives.dll
0x00007ffad0d30000 - 0x00007ffad0d5e000 	C:\WINDOWS\System32\IMM32.DLL
0x0000000065860000 - 0x0000000065932000 	C:\Program Files\Android\Android Studio\jre\jre\bin\msvcr100.dll
0x0000000065a60000 - 0x00000000662a6000 	C:\Program Files\Android\Android Studio\jre\jre\bin\server\jvm.dll
0x00007ffad06a0000 - 0x00007ffad06a8000 	C:\WINDOWS\System32\PSAPI.DLL
0x00007ffabb830000 - 0x00007ffabb839000 	C:\WINDOWS\SYSTEM32\WSOCK32.dll
0x00007ffad0910000 - 0x00007ffad097f000 	C:\WINDOWS\System32\WS2_32.dll
0x00007ffac7a40000 - 0x00007ffac7a64000 	C:\WINDOWS\SYSTEM32\WINMM.dll
0x00007ffac68c0000 - 0x00007ffac68ca000 	C:\WINDOWS\SYSTEM32\VERSION.dll
0x00007ffac74a0000 - 0x00007ffac74cd000 	C:\WINDOWS\SYSTEM32\WINMMBASE.dll
0x00007fface640000 - 0x00007fface68a000 	C:\WINDOWS\System32\cfgmgr32.dll
0x00007ffac6420000 - 0x00007ffac642f000 	C:\Program Files\Android\Android Studio\jre\jre\bin\verify.dll
0x00007ffabbcf0000 - 0x00007ffabbd19000 	C:\Program Files\Android\Android Studio\jre\jre\bin\java.dll
0x00007ffac6180000 - 0x00007ffac6196000 	C:\Program Files\Android\Android Studio\jre\jre\bin\zip.dll
0x00007ffacf670000 - 0x00007ffacfd55000 	C:\WINDOWS\System32\SHELL32.dll
0x00007ffacf5c0000 - 0x00007ffacf669000 	C:\WINDOWS\System32\shcore.dll
0x00007ffacec50000 - 0x00007ffacf3cf000 	C:\WINDOWS\System32\windows.storage.dll
0x00007fface360000 - 0x00007fface37f000 	C:\WINDOWS\System32\profapi.dll
0x00007fface3a0000 - 0x00007fface3ea000 	C:\WINDOWS\System32\powrprof.dll
0x00007fface330000 - 0x00007fface340000 	C:\WINDOWS\System32\UMPDC.dll
0x00007ffad0d60000 - 0x00007ffad0db2000 	C:\WINDOWS\System32\shlwapi.dll
0x00007fface340000 - 0x00007fface351000 	C:\WINDOWS\System32\kernel.appcore.dll
0x00007ffacea40000 - 0x00007ffacea57000 	C:\WINDOWS\System32\cryptsp.dll
0x00007ffac0320000 - 0x00007ffac033a000 	C:\Program Files\Android\Android Studio\jre\jre\bin\net.dll
0x00007ffacdba0000 - 0x00007ffacdc07000 	C:\WINDOWS\system32\mswsock.dll
0x00007ffac0120000 - 0x00007ffac0131000 	C:\Program Files\Android\Android Studio\jre\jre\bin\nio.dll
0x00007ffac61a0000 - 0x00007ffac61be000 	C:\Users\lynnf\.gradle\native\25\windows-amd64\native-platform.dll
0x00007ffac6290000 - 0x00007ffac629d000 	C:\Program Files\Android\Android Studio\jre\jre\bin\management.dll
0x00007ffacd710000 - 0x00007ffacd743000 	C:\WINDOWS\system32\rsaenh.dll
0x00007fface3f0000 - 0x00007fface416000 	C:\WINDOWS\System32\bcrypt.dll
0x00007fface250000 - 0x00007fface275000 	C:\WINDOWS\SYSTEM32\USERENV.dll
0x00007ffacdd70000 - 0x00007ffacdd7c000 	C:\WINDOWS\SYSTEM32\CRYPTBASE.dll
0x00007ffacd8b0000 - 0x00007ffacd8ea000 	C:\WINDOWS\SYSTEM32\IPHLPAPI.DLL
0x00007ffad0980000 - 0x00007ffad0988000 	C:\WINDOWS\System32\NSI.dll
0x00007ffac45e0000 - 0x00007ffac45f6000 	C:\WINDOWS\SYSTEM32\dhcpcsvc6.DLL
0x00007ffac5180000 - 0x00007ffac519c000 	C:\WINDOWS\SYSTEM32\dhcpcsvc.DLL
0x00007ffacd8f0000 - 0x00007ffacd9ba000 	C:\WINDOWS\SYSTEM32\DNSAPI.dll
0x00007ffabbbc0000 - 0x00007ffabbbe4000 	C:\Program Files\Android\Android Studio\jre\jre\bin\sunec.dll
0x00007ffac6fa0000 - 0x00007ffac6faa000 	C:\Windows\System32\rasadhlp.dll
0x00007ffac4240000 - 0x00007ffac42b7000 	C:\WINDOWS\System32\fwpuclnt.dll
0x00007ffabe560000 - 0x00007ffabe56b000 	C:\Program Files\Android\Android Studio\jre\jre\bin\sunmscapi.dll
0x00007ffaceb00000 - 0x00007ffacec49000 	C:\WINDOWS\System32\CRYPT32.dll
0x00007fface380000 - 0x00007fface392000 	C:\WINDOWS\System32\MSASN1.dll

VM Arguments:
jvm_args: -Xmx1536m -Dfile.encoding=x-windows-949 -Duser.country=KR -Duser.language=ko -Duser.variant 
java_command: org.gradle.launcher.daemon.bootstrap.GradleDaemon 4.4
java_class_path (initial): C:\Users\lynnf\.gradle\wrapper\dists\gradle-4.4-all\9br9xq1tocpiv8o6njlyu5op1\gradle-4.4\lib\gradle-launcher-4.4.jar
Launcher Type: SUN_STANDARD

Environment Variables:
JAVA_HOME=C:\Program Files\Java\jdk1.8.0_231
CLASSPATH=C:\Program Files\Java\jdk1.8.0_231\lib;
PATH=C:\WINDOWS\system32;C:\WINDOWS;C:\WINDOWS\System32\Wbem;C:\WINDOWS\System32\WindowsPowerShell\v1.0\;C:\Program Files\dotnet\;C:\Users\lynnf\.dnx\bin;C:\Program Files\Microsoft DNX\Dnvm\;C:\Program Files\Microsoft SQL Server\130\Tools\Binn\;C:\WINDOWS\System32\OpenSSH\;C:\Program Files\Java\jdk1.8.0_231\bin;C:\Program Files\Java\jdk1.8.0_231\lib;C:\Python27;C:\Python27\Scripts;C:\TDM-GCC-64\bin;C:\Program Files\PuTTY\;C:\ProgramData\chocolatey\bin;C:\Program Files\nodejs\;C:\Program Files\Java\jdk1.8.0_231\bin;C:\Program Files\Git\cmd;C:\Users\lynnf\AppData\Local\Microsoft\WindowsApps;C:\Program Files\Bandizip\;C:\Users\lynnf\AppData\Local\GitHubDesktop\bin;C:\Users\lynnf\AppData\Local\Programs\Fiddler;C:\Users\lynnf\AppData\Local\Microsoft\WindowsApps;C:\Users\lynnf\AppData\Roaming\npm;C:\Users\lynnf\AppData\Local\Android\Sdk\platform-tools;
USERNAME=lynnf
OS=Windows_NT
PROCESSOR_IDENTIFIER=Intel64 Family 6 Model 142 Stepping 10, GenuineIntel



---------------  S Y S T E M  ---------------

OS: Windows 10.0 , 64 bit Build 18362 (10.0.18362.329)

CPU:total 8 (initial active 8) (4 cores per cpu, 2 threads per core) family 6 model 142 stepping 10, cmov, cx8, fxsr, mmx, sse, sse2, sse3, ssse3, sse4.1, sse4.2, popcnt, avx, avx2, aes, clmul, erms, 3dnowpref, lzcnt, ht, tsc, tscinvbit, bmi1, bmi2, adx

Memory: 4k page, physical 8295652k(760976k free), swap 8295652k(4152k free)

vm_info: OpenJDK 64-Bit Server VM (25.202-b03) for windows-amd64 JRE (1.8.0_202-release-1483-b03), built by "builder" with MS VC++ 10.0 (VS2010)

time: Sun Jan 12 17:25:19 2020
timezone: 대한민국 표준시
elapsed time: 629 seconds (0d 0h 10m 29s)

