#
# There is insufficient memory for the Java Runtime Environment to continue.
# Native memory allocation (malloc) failed to allocate 577296 bytes for Chunk::new
# Possible reasons:
#   The system is out of physical RAM or swap space
#   The process is running with CompressedOops enabled, and the Java Heap may be blocking the growth of the native heap
# Possible solutions:
#   Reduce memory load on the system
#   Increase physical memory or swap space
#   Check if swap backing store is full
#   Decrease Java heap size (-Xmx/-Xms)
#   Decrease number of Java threads
#   Decrease Java thread stack sizes (-Xss)
#   Set larger code cache with -XX:ReservedCodeCacheSize=
#   JVM is running with Unscaled Compressed Oops mode in which the Java heap is
#     placed in the first 4GB address space. The Java Heap base address is the
#     maximum limit for the native heap growth. Please use -XX:HeapBaseMinAddress
#     to set the Java Heap base and to place the Java Heap above 4GB virtual address.
# This output file may be truncated or incomplete.
#
#  Out of Memory Error (allocation.cpp:389), pid=8820, tid=0x0000000000002b6c
#
# JRE version: OpenJDK Runtime Environment (8.0_202-b03) (build 1.8.0_202-release-1483-b03)
# Java VM: OpenJDK 64-Bit Server VM (25.202-b03 mixed mode windows-amd64 compressed oops)
# Failed to write core dump. Minidumps are not enabled by default on client versions of Windows
#

---------------  T H R E A D  ---------------

Current thread (0x00000000184fb000):  JavaThread "C2 CompilerThread2" daemon [_thread_in_native, id=11116, stack(0x0000000018ef0000,0x0000000018ff0000)]

Stack: [0x0000000018ef0000,0x0000000018ff0000]
[error occurred during error reporting (printing stack bounds), id 0xc0000005]

Native frames: (J=compiled Java code, j=interpreted, Vv=VM code, C=native code)


Current CompileTask:
C2:  26226 10383       4       com.android.tools.r8.org.objectweb.asm.ClassReader::readField (664 bytes)


---------------  P R O C E S S  ---------------

Java Threads: ( => current thread )
  0x000000001ce54000 JavaThread "pool-11-thread-2" [_thread_blocked, id=12592, stack(0x0000000027a20000,0x0000000027b20000)]
  0x000000001ce52800 JavaThread "pool-11-thread-1" [_thread_blocked, id=1780, stack(0x0000000027920000,0x0000000027a20000)]
  0x000000001ce52000 JavaThread "pool-10-thread-2" [_thread_blocked, id=5016, stack(0x0000000027820000,0x0000000027920000)]
  0x000000001ce51000 JavaThread "pool-10-thread-1" [_thread_in_Java, id=1776, stack(0x0000000027720000,0x0000000027820000)]
  0x000000001ce50800 JavaThread "pool-8-thread-2" [_thread_in_Java, id=16964, stack(0x0000000027620000,0x0000000027720000)]
  0x000000001ce4e000 JavaThread "pool-8-thread-1" [_thread_blocked, id=12264, stack(0x0000000027520000,0x0000000027620000)]
  0x000000001ce53800 JavaThread "pool-9-thread-2" [_thread_blocked, id=17116, stack(0x0000000027420000,0x0000000027520000)]
  0x000000001ce46800 JavaThread "pool-9-thread-1" [_thread_blocked, id=14108, stack(0x0000000027320000,0x0000000027420000)]
  0x000000001ce4d800 JavaThread "ForkJoinPool.commonPool-worker-7" daemon [_thread_in_Java, id=7248, stack(0x0000000027020000,0x0000000027120000)]
  0x000000001ce47800 JavaThread "pool-4-thread-2" [_thread_blocked, id=14796, stack(0x0000000026f20000,0x0000000027020000)]
  0x000000001ce4c000 JavaThread "pool-7-thread-2" [_thread_blocked, id=1496, stack(0x0000000026e20000,0x0000000026f20000)]
  0x000000001ce4a800 JavaThread "pool-5-thread-2" [_thread_blocked, id=356, stack(0x0000000026d20000,0x0000000026e20000)]
  0x000000001ce49800 JavaThread "pool-6-thread-2" [_thread_blocked, id=332, stack(0x0000000026c20000,0x0000000026d20000)]
  0x000000001ce49000 JavaThread "pool-7-thread-1" [_thread_in_Java, id=4604, stack(0x0000000026b20000,0x0000000026c20000)]
  0x000000001ce4c800 JavaThread "pool-5-thread-1" [_thread_blocked, id=12244, stack(0x0000000026a20000,0x0000000026b20000)]
  0x000000001ce48000 JavaThread "pool-4-thread-1" [_thread_blocked, id=14064, stack(0x0000000026920000,0x0000000026a20000)]
  0x000000001ce45000 JavaThread "pool-6-thread-1" [_thread_blocked, id=1872, stack(0x0000000026820000,0x0000000026920000)]
  0x000000001ce46000 JavaThread "ForkJoinPool.commonPool-worker-6" daemon [_thread_blocked, id=15392, stack(0x0000000026420000,0x0000000026520000)]
  0x000000001ce4b000 JavaThread "ForkJoinPool.commonPool-worker-5" daemon [_thread_blocked, id=4736, stack(0x0000000026320000,0x0000000026420000)]
  0x0000000019da2000 JavaThread "ForkJoinPool.commonPool-worker-4" daemon [_thread_in_Java, id=16524, stack(0x0000000026220000,0x0000000026320000)]
  0x0000000019da6800 JavaThread "ForkJoinPool.commonPool-worker-3" daemon [_thread_blocked, id=12928, stack(0x0000000026120000,0x0000000026220000)]
  0x0000000019da1000 JavaThread "ForkJoinPool.commonPool-worker-2" daemon [_thread_blocked, id=10568, stack(0x0000000026020000,0x0000000026120000)]
  0x0000000019da5800 JavaThread "ForkJoinPool.commonPool-worker-1" daemon [_thread_in_vm, id=1404, stack(0x0000000025690000,0x0000000025790000)]
  0x0000000019d9e000 JavaThread "Cache worker for Java compile cache (C:\Project\LoginUI-Android-master\.gradle\4.4\javaCompile)" [_thread_blocked, id=5508, stack(0x0000000025320000,0x0000000025420000)]
  0x0000000019da2800 JavaThread "Task worker for ':' Thread 7" [_thread_blocked, id=10792, stack(0x0000000023f80000,0x0000000024080000)]
  0x0000000019da0800 JavaThread "Task worker for ':' Thread 6" [_thread_blocked, id=12504, stack(0x0000000023e80000,0x0000000023f80000)]
  0x0000000019da4000 JavaThread "Task worker for ':' Thread 5" [_thread_blocked, id=17064, stack(0x0000000023d80000,0x0000000023e80000)]
  0x0000000019d9f800 JavaThread "Task worker for ':' Thread 4" [_thread_blocked, id=14388, stack(0x0000000023c80000,0x0000000023d80000)]
  0x0000000019d98000 JavaThread "Task worker for ':' Thread 3" [_thread_blocked, id=9596, stack(0x0000000023b80000,0x0000000023c80000)]
  0x0000000019d9f000 JavaThread "Task worker for ':' Thread 2" [_thread_blocked, id=12812, stack(0x0000000023a80000,0x0000000023b80000)]
  0x0000000019d9b000 JavaThread "Task worker for ':'" [_thread_blocked, id=9500, stack(0x0000000023980000,0x0000000023a80000)]
  0x0000000019d9d800 JavaThread "Cache worker for Build Output Cleanup Cache (C:\Project\LoginUI-Android-master\.gradle\buildOutputCleanup)" [_thread_blocked, id=13420, stack(0x0000000023880000,0x0000000023980000)]
  0x0000000019d99800 JavaThread "Cache worker for task history cache (C:\Project\LoginUI-Android-master\.gradle\4.4\taskHistory)" [_thread_blocked, id=7192, stack(0x0000000023780000,0x0000000023880000)]
  0x0000000019d97800 JavaThread "Cache worker for file content cache (C:\Project\LoginUI-Android-master\.gradle\4.4\fileContent)" [_thread_blocked, id=15240, stack(0x0000000022a50000,0x0000000022b50000)]
  0x0000000019d9c000 JavaThread "Memory manager" [_thread_blocked, id=8720, stack(0x0000000022950000,0x0000000022a50000)]
  0x0000000019d9a800 JavaThread "pool-1-thread-1" [_thread_blocked, id=17176, stack(0x0000000022650000,0x0000000022750000)]
  0x0000000019d99000 JavaThread "build operations Thread 8" [_thread_blocked, id=15732, stack(0x0000000021180000,0x0000000021280000)]
  0x000000001fcb0800 JavaThread "build operations Thread 7" [_thread_blocked, id=12256, stack(0x0000000020e70000,0x0000000020f70000)]
  0x000000001fcb0000 JavaThread "build operations Thread 6" [_thread_blocked, id=13336, stack(0x0000000020d70000,0x0000000020e70000)]
  0x000000001fcad800 JavaThread "build operations Thread 5" [_thread_blocked, id=2552, stack(0x0000000020c70000,0x0000000020d70000)]
  0x000000001fcb1800 JavaThread "build operations Thread 4" [_thread_blocked, id=14132, stack(0x0000000020b70000,0x0000000020c70000)]
  0x000000001fcae800 JavaThread "build operations Thread 3" [_thread_blocked, id=17272, stack(0x0000000020a70000,0x0000000020b70000)]
  0x000000001fcad000 JavaThread "build operations Thread 2" [_thread_blocked, id=5516, stack(0x0000000020970000,0x0000000020a70000)]
  0x000000001fcac000 JavaThread "build operations" [_thread_blocked, id=11132, stack(0x0000000020870000,0x0000000020970000)]
  0x000000001fcb2000 JavaThread "Cache worker for Artifact transforms cache (C:\Users\lynnf\.gradle\caches\transforms-1)" [_thread_blocked, id=6160, stack(0x000000001f110000,0x000000001f210000)]
  0x000000001aabe000 JavaThread "Cache worker for file hash cache (C:\Project\LoginUI-Android-master\.gradle\4.4\fileHashes)" [_thread_blocked, id=3504, stack(0x000000001cc70000,0x000000001cd70000)]
  0x00000000198d1000 JavaThread "File lock request listener" [_thread_in_native, id=15796, stack(0x000000001bba0000,0x000000001bca0000)]
  0x0000000019c16800 JavaThread "Cache worker for file hash cache (C:\Users\lynnf\.gradle\caches\4.4\fileHashes)" [_thread_blocked, id=16204, stack(0x000000001baa0000,0x000000001bba0000)]
  0x000000001876a000 JavaThread "Stdin handler" [_thread_blocked, id=11732, stack(0x000000001b6a0000,0x000000001b7a0000)]
  0x0000000018769800 JavaThread "Asynchronous log dispatcher for DefaultDaemonConnection: socket connection from /127.0.0.1:11651 to /127.0.0.1:11652" [_thread_blocked, id=5460, stack(0x000000001b5a0000,0x000000001b6a0000)]
  0x0000000019691800 JavaThread "Daemon worker" [_thread_blocked, id=4188, stack(0x000000001b4a0000,0x000000001b5a0000)]
  0x00000000185eb800 JavaThread "Cancel handler" [_thread_blocked, id=16820, stack(0x000000001b3a0000,0x000000001b4a0000)]
  0x00000000187ba000 JavaThread "Handler for socket connection from /127.0.0.1:11651 to /127.0.0.1:11652" [_thread_in_native, id=14856, stack(0x000000001b0a0000,0x000000001b1a0000)]
  0x0000000018749800 JavaThread "Daemon" [_thread_blocked, id=1036, stack(0x000000001afa0000,0x000000001b0a0000)]
  0x0000000019630800 JavaThread "Daemon periodic checks" [_thread_blocked, id=6556, stack(0x000000001aea0000,0x000000001afa0000)]
  0x000000001a6af800 JavaThread "Incoming local TCP Connector on port 11651" [_thread_in_native, id=6148, stack(0x000000001acc0000,0x000000001adc0000)]
  0x0000000018569800 JavaThread "Service Thread" daemon [_thread_blocked, id=10696, stack(0x00000000190f0000,0x00000000191f0000)]
  0x0000000018517000 JavaThread "C1 CompilerThread3" daemon [_thread_blocked, id=11556, stack(0x0000000018ff0000,0x00000000190f0000)]
=>0x00000000184fb000 JavaThread "C2 CompilerThread2" daemon [_thread_in_native, id=11116, stack(0x0000000018ef0000,0x0000000018ff0000)]
  0x00000000184f7000 JavaThread "C2 CompilerThread1" daemon [_thread_in_native, id=336, stack(0x0000000018df0000,0x0000000018ef0000)]
  0x000000001849e000 JavaThread "C2 CompilerThread0" daemon [_thread_blocked, id=15196, stack(0x0000000018cf0000,0x0000000018df0000)]
  0x000000001849d000 JavaThread "Attach Listener" daemon [_thread_blocked, id=14800, stack(0x0000000018bf0000,0x0000000018cf0000)]
  0x00000000184f0000 JavaThread "Signal Dispatcher" daemon [_thread_blocked, id=9320, stack(0x0000000018af0000,0x0000000018bf0000)]
  0x0000000018480800 JavaThread "Finalizer" daemon [_thread_blocked, id=15672, stack(0x0000000018960000,0x0000000018a60000)]
  0x00000000028b8000 JavaThread "Reference Handler" daemon [_thread_blocked, id=8772, stack(0x0000000018860000,0x0000000018960000)]
  0x0000000000aae800 JavaThread "main" [_thread_blocked, id=12820, stack(0x0000000002300000,0x0000000002400000)]

Other Threads:
  0x0000000016676000 VMThread [stack: 0x0000000018360000,0x0000000018460000] [id=13512]
  0x000000001856a800 WatcherThread [stack: 0x00000000191f0000,0x00000000192f0000] [id=1104]

VM state:not at safepoint (normal execution)

VM Mutex/Monitor currently owned by a thread: None

heap address: 0x00000000a0000000, size: 1536 MB, Compressed Oops mode: 32-bit
Narrow klass base: 0x0000000000000000, Narrow klass shift: 3
Compressed class space size: 1073741824 Address: 0x0000000100000000

Heap:
 PSYoungGen      total 189952K, used 51733K [0x00000000e0000000, 0x00000000ece80000, 0x0000000100000000)
  eden space 168448K, 22% used [0x00000000e0000000,0x00000000e251a858,0x00000000ea480000)
  from space 21504K, 63% used [0x00000000eb980000,0x00000000ec6ead38,0x00000000ece80000)
  to   space 21504K, 0% used [0x00000000ea480000,0x00000000ea480000,0x00000000eb980000)
 ParOldGen       total 137728K, used 32821K [0x00000000a0000000, 0x00000000a8680000, 0x00000000e0000000)
  object space 137728K, 23% used [0x00000000a0000000,0x00000000a200d798,0x00000000a8680000)
 Metaspace       used 69993K, capacity 72366K, committed 72536K, reserved 1112064K
  class space    used 9318K, capacity 9854K, committed 9856K, reserved 1048576K

Card table byte_map: [0x0000000011c80000,0x0000000011f90000] byte_map_base: 0x0000000011780000

Marking Bits: (ParMarkBitMap*) 0x0000000066229f30
 Begin Bits: [0x0000000012990000, 0x0000000014190000)
 End Bits:   [0x0000000014190000, 0x0000000015990000)

Polling page: 0x00000000005a0000

CodeCache: size=245760Kb used=28909Kb max_used=29255Kb free=216850Kb
 bounds [0x00000000028c0000, 0x0000000004590000, 0x00000000118c0000]
 total_blobs=9621 nmethods=8803 adapters=730
 compilation: enabled

Compilation events (10 events):
Event: 26.191 Thread 0x000000001849e000 nmethod 10456 0x0000000003df68d0 code [0x0000000003df6a20, 0x0000000003df6b88]
Event: 26.191 Thread 0x000000001849e000 10494       4       com.android.tools.r8.it.unimi.dsi.fastutil.ints.Int2ReferenceAVLTreeMap::containsKey (14 bytes)
Event: 26.194 Thread 0x000000001849e000 nmethod 10494 0x0000000003684210 code [0x0000000003684340, 0x0000000003684438]
Event: 26.194 Thread 0x000000001849e000 10453       4       com.android.tools.r8.it.unimi.dsi.fastutil.ints.Int2ReferenceAVLTreeMap::get (22 bytes)
Event: 26.198 Thread 0x000000001849e000 nmethod 10453 0x00000000041f4490 code [0x00000000041f45c0, 0x00000000041f46b8]
Event: 26.198 Thread 0x000000001849e000 10437       4       com.android.tools.r8.ir.code.IRCodeInstructionsIterator::next (5 bytes)
Event: 26.199 Thread 0x0000000018517000 nmethod 10462 0x0000000003ffbe10 code [0x0000000003ffcb60, 0x0000000004001f58]
Event: 26.199 Thread 0x0000000018517000 10492       3       com.android.tools.r8.ir.conversion.JarState::peek (13 bytes)
Event: 26.200 Thread 0x0000000018517000 nmethod 10492 0x0000000003ffb8d0 code [0x0000000003ffba40, 0x0000000003ffbd48]
Event: 26.200 Thread 0x0000000018517000 10486       3       com.android.tools.r8.ir.conversion.JarSourceCode::build (3667 bytes)

GC Heap History (10 events):
Event: 12.484 GC heap before
{Heap before GC invocations=13 (full 2):
 PSYoungGen      total 126464K, used 126091K [0x00000000e0000000, 0x00000000e9800000, 0x0000000100000000)
  eden space 116224K, 100% used [0x00000000e0000000,0x00000000e7180000,0x00000000e7180000)
  from space 10240K, 96% used [0x00000000e8e00000,0x00000000e97a2c68,0x00000000e9800000)
  to   space 11776K, 0% used [0x00000000e8100000,0x00000000e8100000,0x00000000e8c80000)
 ParOldGen       total 85504K, used 14669K [0x00000000a0000000, 0x00000000a5380000, 0x00000000e0000000)
  object space 85504K, 17% used [0x00000000a0000000,0x00000000a0e53448,0x00000000a5380000)
 Metaspace       used 50346K, capacity 51858K, committed 52056K, reserved 1093632K
  class space    used 6885K, capacity 7250K, committed 7296K, reserved 1048576K
Event: 12.496 GC heap after
Heap after GC invocations=13 (full 2):
 PSYoungGen      total 143872K, used 11744K [0x00000000e0000000, 0x00000000eac80000, 0x0000000100000000)
  eden space 132096K, 0% used [0x00000000e0000000,0x00000000e0000000,0x00000000e8100000)
  from space 11776K, 99% used [0x00000000e8100000,0x00000000e8c78088,0x00000000e8c80000)
  to   space 15360K, 0% used [0x00000000e9d80000,0x00000000e9d80000,0x00000000eac80000)
 ParOldGen       total 85504K, used 20205K [0x00000000a0000000, 0x00000000a5380000, 0x00000000e0000000)
  object space 85504K, 23% used [0x00000000a0000000,0x00000000a13bb658,0x00000000a5380000)
 Metaspace       used 50346K, capacity 51858K, committed 52056K, reserved 1093632K
  class space    used 6885K, capacity 7250K, committed 7296K, reserved 1048576K
}
Event: 15.758 GC heap before
{Heap before GC invocations=14 (full 2):
 PSYoungGen      total 143872K, used 143840K [0x00000000e0000000, 0x00000000eac80000, 0x0000000100000000)
  eden space 132096K, 100% used [0x00000000e0000000,0x00000000e8100000,0x00000000e8100000)
  from space 11776K, 99% used [0x00000000e8100000,0x00000000e8c78088,0x00000000e8c80000)
  to   space 15360K, 0% used [0x00000000e9d80000,0x00000000e9d80000,0x00000000eac80000)
 ParOldGen       total 85504K, used 20205K [0x00000000a0000000, 0x00000000a5380000, 0x00000000e0000000)
  object space 85504K, 23% used [0x00000000a0000000,0x00000000a13bb658,0x00000000a5380000)
 Metaspace       used 54908K, capacity 56494K, committed 56792K, reserved 1097728K
  class space    used 7438K, capacity 7844K, committed 7936K, reserved 1048576K
Event: 15.794 GC heap after
Heap after GC invocations=14 (full 2):
 PSYoungGen      total 155136K, used 15345K [0x00000000e0000000, 0x00000000ec980000, 0x0000000100000000)
  eden space 139776K, 0% used [0x00000000e0000000,0x00000000e0000000,0x00000000e8880000)
  from space 15360K, 99% used [0x00000000e9d80000,0x00000000eac7c608,0x00000000eac80000)
  to   space 21504K, 0% used [0x00000000e8880000,0x00000000e8880000,0x00000000e9d80000)
 ParOldGen       total 85504K, used 31684K [0x00000000a0000000, 0x00000000a5380000, 0x00000000e0000000)
  object space 85504K, 37% used [0x00000000a0000000,0x00000000a1ef1138,0x00000000a5380000)
 Metaspace       used 54908K, capacity 56494K, committed 56792K, reserved 1097728K
  class space    used 7438K, capacity 7844K, committed 7936K, reserved 1048576K
}
Event: 22.918 GC heap before
{Heap before GC invocations=15 (full 2):
 PSYoungGen      total 155136K, used 123871K [0x00000000e0000000, 0x00000000ec980000, 0x0000000100000000)
  eden space 139776K, 77% used [0x00000000e0000000,0x00000000e69fb7a0,0x00000000e8880000)
  from space 15360K, 99% used [0x00000000e9d80000,0x00000000eac7c608,0x00000000eac80000)
  to   space 21504K, 0% used [0x00000000e8880000,0x00000000e8880000,0x00000000e9d80000)
 ParOldGen       total 85504K, used 31684K [0x00000000a0000000, 0x00000000a5380000, 0x00000000e0000000)
  object space 85504K, 37% used [0x00000000a0000000,0x00000000a1ef1138,0x00000000a5380000)
 Metaspace       used 57196K, capacity 58860K, committed 59028K, reserved 1099776K
  class space    used 7678K, capacity 8075K, committed 8192K, reserved 1048576K
Event: 22.943 GC heap after
Heap after GC invocations=15 (full 2):
 PSYoungGen      total 161280K, used 4085K [0x00000000e0000000, 0x00000000ece80000, 0x0000000100000000)
  eden space 139776K, 0% used [0x00000000e0000000,0x00000000e0000000,0x00000000e8880000)
  from space 21504K, 19% used [0x00000000e8880000,0x00000000e8c7d7d0,0x00000000e9d80000)
  to   space 21504K, 0% used [0x00000000eb980000,0x00000000eb980000,0x00000000ece80000)
 ParOldGen       total 85504K, used 46069K [0x00000000a0000000, 0x00000000a5380000, 0x00000000e0000000)
  object space 85504K, 53% used [0x00000000a0000000,0x00000000a2cfd428,0x00000000a5380000)
 Metaspace       used 57196K, capacity 58860K, committed 59028K, reserved 1099776K
  class space    used 7678K, capacity 8075K, committed 8192K, reserved 1048576K
}
Event: 22.943 GC heap before
{Heap before GC invocations=16 (full 3):
 PSYoungGen      total 161280K, used 4085K [0x00000000e0000000, 0x00000000ece80000, 0x0000000100000000)
  eden space 139776K, 0% used [0x00000000e0000000,0x00000000e0000000,0x00000000e8880000)
  from space 21504K, 19% used [0x00000000e8880000,0x00000000e8c7d7d0,0x00000000e9d80000)
  to   space 21504K, 0% used [0x00000000eb980000,0x00000000eb980000,0x00000000ece80000)
 ParOldGen       total 85504K, used 46069K [0x00000000a0000000, 0x00000000a5380000, 0x00000000e0000000)
  object space 85504K, 53% used [0x00000000a0000000,0x00000000a2cfd428,0x00000000a5380000)
 Metaspace       used 57196K, capacity 58860K, committed 59028K, reserved 1099776K
  class space    used 7678K, capacity 8075K, committed 8192K, reserved 1048576K
Event: 23.162 GC heap after
Heap after GC invocations=16 (full 3):
 PSYoungGen      total 161280K, used 0K [0x00000000e0000000, 0x00000000ece80000, 0x0000000100000000)
  eden space 139776K, 0% used [0x00000000e0000000,0x00000000e0000000,0x00000000e8880000)
  from space 21504K, 0% used [0x00000000e8880000,0x00000000e8880000,0x00000000e9d80000)
  to   space 21504K, 0% used [0x00000000eb980000,0x00000000eb980000,0x00000000ece80000)
 ParOldGen       total 137728K, used 32813K [0x00000000a0000000, 0x00000000a8680000, 0x00000000e0000000)
  object space 137728K, 23% used [0x00000000a0000000,0x00000000a200b798,0x00000000a8680000)
 Metaspace       used 57196K, capacity 58860K, committed 59028K, reserved 1099776K
  class space    used 7678K, capacity 8075K, committed 8192K, reserved 1048576K
}
Event: 25.612 GC heap before
{Heap before GC invocations=17 (full 3):
 PSYoungGen      total 161280K, used 139776K [0x00000000e0000000, 0x00000000ece80000, 0x0000000100000000)
  eden space 139776K, 100% used [0x00000000e0000000,0x00000000e8880000,0x00000000e8880000)
  from space 21504K, 0% used [0x00000000e8880000,0x00000000e8880000,0x00000000e9d80000)
  to   space 21504K, 0% used [0x00000000eb980000,0x00000000eb980000,0x00000000ece80000)
 ParOldGen       total 137728K, used 32813K [0x00000000a0000000, 0x00000000a8680000, 0x00000000e0000000)
  object space 137728K, 23% used [0x00000000a0000000,0x00000000a200b798,0x00000000a8680000)
 Metaspace       used 66633K, capacity 68690K, committed 68952K, reserved 1110016K
  class space    used 8805K, capacity 9306K, committed 9344K, reserved 1048576K
Event: 25.631 GC heap after
Heap after GC invocations=17 (full 3):
 PSYoungGen      total 189952K, used 13739K [0x00000000e0000000, 0x00000000ece80000, 0x0000000100000000)
  eden space 168448K, 0% used [0x00000000e0000000,0x00000000e0000000,0x00000000ea480000)
  from space 21504K, 63% used [0x00000000eb980000,0x00000000ec6ead38,0x00000000ece80000)
  to   space 21504K, 0% used [0x00000000ea480000,0x00000000ea480000,0x00000000eb980000)
 ParOldGen       total 137728K, used 32821K [0x00000000a0000000, 0x00000000a8680000, 0x00000000e0000000)
  object space 137728K, 23% used [0x00000000a0000000,0x00000000a200d798,0x00000000a8680000)
 Metaspace       used 66633K, capacity 68690K, committed 68952K, reserved 1110016K
  class space    used 8805K, capacity 9306K, committed 9344K, reserved 1048576K
}

Deoptimization events (10 events):
Event: 25.138 Thread 0x0000000019da6800 Uncommon trap: reason=unstable_if action=reinterpret pc=0x0000000003795714 method=sun.nio.fs.WindowsPathParser.isSlash(C)Z @ 9
Event: 25.138 Thread 0x0000000019da6800 Uncommon trap: reason=unstable_if action=reinterpret pc=0x0000000002a541f8 method=sun.nio.fs.WindowsPathParser.isSlash(C)Z @ 9
Event: 25.168 Thread 0x0000000019d9b000 Uncommon trap: reason=class_check action=maybe_recompile pc=0x000000000368db30 method=java.lang.AbstractStringBuilder.append(Ljava/lang/CharSequence;)Ljava/lang/AbstractStringBuilder; @ 26
Event: 25.168 Thread 0x0000000019d9b000 Uncommon trap: reason=class_check action=maybe_recompile pc=0x000000000355906c method=java.lang.AbstractStringBuilder.append(Ljava/lang/CharSequence;II)Ljava/lang/AbstractStringBuilder; @ 18
Event: 25.434 Thread 0x000000001ce4c800 Uncommon trap: reason=unstable_if action=reinterpret pc=0x0000000002d3db14 method=java.util.concurrent.ConcurrentHashMap.addCount(JI)V @ 168
Event: 25.434 Thread 0x000000001ce4a800 Uncommon trap: reason=unstable_if action=reinterpret pc=0x0000000002d4717c method=java.util.concurrent.ConcurrentHashMap.transfer([Ljava/util/concurrent/ConcurrentHashMap$Node;[Ljava/util/concurrent/ConcurrentHashMap$Node;)V @ 351
Event: 25.470 Thread 0x000000001ce4c000 Uncommon trap: reason=unstable_if action=reinterpret pc=0x0000000003faea3c method=java.util.concurrent.ConcurrentHashMap.putVal(Ljava/lang/Object;Ljava/lang/Object;Z)Ljava/lang/Object; @ 113
Event: 25.717 Thread 0x000000001ce46800 Uncommon trap: reason=unstable_if action=reinterpret pc=0x0000000002d43928 method=java.util.concurrent.ConcurrentHashMap.transfer([Ljava/util/concurrent/ConcurrentHashMap$Node;[Ljava/util/concurrent/ConcurrentHashMap$Node;)V @ 277
Event: 26.203 Thread 0x0000000019da5800 Uncommon trap: reason=unstable_if action=reinterpret pc=0x0000000002e89984 method=java.lang.StringBuffer.toString()Ljava/lang/String; @ 4
Event: 26.203 Thread 0x0000000019da1000 Uncommon trap: reason=unstable_if action=reinterpret pc=0x0000000002e89984 method=java.lang.StringBuffer.toString()Ljava/lang/String; @ 4

Classes redefined (0 events):
No events

Internal exceptions (10 events):
Event: 25.480 Thread 0x0000000019d9b000 Exception <a 'sun/nio/fs/WindowsException'> (0x00000000e7ff1340) thrown at [D:\src\AOSP-openjdk-cygwin\jdk8u\hotspot\src\share\vm\prims\jni.cpp, line 710]
Event: 25.500 Thread 0x0000000019d9b000 Exception <a 'sun/nio/fs/WindowsException'> (0x00000000e829def0) thrown at [D:\src\AOSP-openjdk-cygwin\jdk8u\hotspot\src\share\vm\prims\jni.cpp, line 710]
Event: 25.513 Thread 0x0000000019d9b000 Exception <a 'sun/nio/fs/WindowsException'> (0x00000000e82d3988) thrown at [D:\src\AOSP-openjdk-cygwin\jdk8u\hotspot\src\share\vm\prims\jni.cpp, line 710]
Event: 25.528 Thread 0x0000000019d9b000 Exception <a 'sun/nio/fs/WindowsException'> (0x00000000e830a538) thrown at [D:\src\AOSP-openjdk-cygwin\jdk8u\hotspot\src\share\vm\prims\jni.cpp, line 710]
Event: 25.544 Thread 0x0000000019d9b000 Exception <a 'sun/nio/fs/WindowsException'> (0x00000000e833d1d8) thrown at [D:\src\AOSP-openjdk-cygwin\jdk8u\hotspot\src\share\vm\prims\jni.cpp, line 710]
Event: 25.558 Thread 0x0000000019d9b000 Exception <a 'sun/nio/fs/WindowsException'> (0x00000000e8371740) thrown at [D:\src\AOSP-openjdk-cygwin\jdk8u\hotspot\src\share\vm\prims\jni.cpp, line 710]
Event: 25.658 Thread 0x0000000019d9b000 Exception <a 'sun/nio/fs/WindowsException'> (0x00000000e005a9d8) thrown at [D:\src\AOSP-openjdk-cygwin\jdk8u\hotspot\src\share\vm\prims\jni.cpp, line 710]
Event: 25.658 Thread 0x000000001ce4d800 Exception <a 'sun/nio/fs/WindowsException'> (0x00000000e02ee478) thrown at [D:\src\AOSP-openjdk-cygwin\jdk8u\hotspot\src\share\vm\prims\jni.cpp, line 710]
Event: 25.663 Thread 0x000000001ce46000 Exception <a 'sun/nio/fs/WindowsException'> (0x00000000e0332108) thrown at [D:\src\AOSP-openjdk-cygwin\jdk8u\hotspot\src\share\vm\prims\jni.cpp, line 710]
Event: 25.664 Thread 0x0000000019da6800 Exception <a 'sun/nio/fs/WindowsException'> (0x00000000e0365ef8) thrown at [D:\src\AOSP-openjdk-cygwin\jdk8u\hotspot\src\share\vm\prims\jni.cpp, line 710]

Events (10 events):
Event: 26.213 loading class com/android/tools/r8/graph/DexAnnotationElement
Event: 26.213 loading class com/android/tools/r8/graph/DexAnnotationElement done
Event: 26.213 loading class com/android/tools/r8/graph/DexAnnotationElement
Event: 26.213 loading class com/android/tools/r8/graph/DexAnnotationElement done
Event: 26.214 loading class com/android/tools/r8/dex/VirtualFile
Event: 26.214 loading class com/android/tools/r8/dex/VirtualFile done
Event: 26.217 loading class com/android/tools/r8/ir/code/Cmp$1
Event: 26.217 loading class com/android/tools/r8/ir/code/Cmp$1 done
Event: 26.222 loading class com/android/tools/r8/graph/DexItem
Event: 26.222 loading class com/android/tools/r8/graph/DexItem done


Dynamic libraries:
0x00007ff709650000 - 0x00007ff709681000 	C:\Program Files\Android\Android Studio\jre\bin\java.exe
0x00007ffad1460000 - 0x00007ffad1650000 	C:\WINDOWS\SYSTEM32\ntdll.dll
0x00007ffad12b0000 - 0x00007ffad1362000 	C:\WINDOWS\System32\KERNEL32.DLL
0x00007fface790000 - 0x00007ffacea33000 	C:\WINDOWS\System32\KERNELBASE.dll
0x00007ffad1370000 - 0x00007ffad1413000 	C:\WINDOWS\System32\ADVAPI32.dll
0x00007ffad0c90000 - 0x00007ffad0d2e000 	C:\WINDOWS\System32\msvcrt.dll
0x00007ffad0580000 - 0x00007ffad0617000 	C:\WINDOWS\System32\sechost.dll
0x00007ffad0f70000 - 0x00007ffad1090000 	C:\WINDOWS\System32\RPCRT4.dll
0x00007ffad0990000 - 0x00007ffad0b24000 	C:\WINDOWS\System32\USER32.dll
0x00007ffacf4e0000 - 0x00007ffacf501000 	C:\WINDOWS\System32\win32u.dll
0x00007ffad0810000 - 0x00007ffad0836000 	C:\WINDOWS\System32\GDI32.dll
0x00007fface420000 - 0x00007fface5b4000 	C:\WINDOWS\System32\gdi32full.dll
0x00007ffacea60000 - 0x00007ffaceafe000 	C:\WINDOWS\System32\msvcp_win.dll
0x00007fface690000 - 0x00007fface78a000 	C:\WINDOWS\System32\ucrtbase.dll
0x00007ffab93a0000 - 0x00007ffab9625000 	C:\WINDOWS\WinSxS\amd64_microsoft.windows.common-controls_6595b64144ccf1df_6.0.18362.535_none_e6c3b34713100821\COMCTL32.dll
0x00007ffad0240000 - 0x00007ffad0576000 	C:\WINDOWS\System32\combase.dll
0x00007fface5c0000 - 0x00007fface640000 	C:\WINDOWS\System32\bcryptPrimitives.dll
0x00007ffad0d30000 - 0x00007ffad0d5e000 	C:\WINDOWS\System32\IMM32.DLL
0x0000000065860000 - 0x0000000065932000 	C:\Program Files\Android\Android Studio\jre\jre\bin\msvcr100.dll
0x0000000065a60000 - 0x00000000662a6000 	C:\Program Files\Android\Android Studio\jre\jre\bin\server\jvm.dll
0x00007ffad06a0000 - 0x00007ffad06a8000 	C:\WINDOWS\System32\PSAPI.DLL
0x00007ffac68c0000 - 0x00007ffac68ca000 	C:\WINDOWS\SYSTEM32\VERSION.dll
0x00007ffabb830000 - 0x00007ffabb839000 	C:\WINDOWS\SYSTEM32\WSOCK32.dll
0x00007ffac7a40000 - 0x00007ffac7a64000 	C:\WINDOWS\SYSTEM32\WINMM.dll
0x00007ffad0910000 - 0x00007ffad097f000 	C:\WINDOWS\System32\WS2_32.dll
0x00007ffac74a0000 - 0x00007ffac74cd000 	C:\WINDOWS\SYSTEM32\WINMMBASE.dll
0x00007fface640000 - 0x00007fface68a000 	C:\WINDOWS\System32\cfgmgr32.dll
0x00007ffac6420000 - 0x00007ffac642f000 	C:\Program Files\Android\Android Studio\jre\jre\bin\verify.dll
0x00007ffabbcf0000 - 0x00007ffabbd19000 	C:\Program Files\Android\Android Studio\jre\jre\bin\java.dll
0x00007ffac6180000 - 0x00007ffac6196000 	C:\Program Files\Android\Android Studio\jre\jre\bin\zip.dll
0x00007ffacf670000 - 0x00007ffacfd55000 	C:\WINDOWS\System32\SHELL32.dll
0x00007ffacf5c0000 - 0x00007ffacf669000 	C:\WINDOWS\System32\shcore.dll
0x00007ffacec50000 - 0x00007ffacf3cf000 	C:\WINDOWS\System32\windows.storage.dll
0x00007fface360000 - 0x00007fface37f000 	C:\WINDOWS\System32\profapi.dll
0x00007fface3a0000 - 0x00007fface3ea000 	C:\WINDOWS\System32\powrprof.dll
0x00007fface330000 - 0x00007fface340000 	C:\WINDOWS\System32\UMPDC.dll
0x00007ffad0d60000 - 0x00007ffad0db2000 	C:\WINDOWS\System32\shlwapi.dll
0x00007fface340000 - 0x00007fface351000 	C:\WINDOWS\System32\kernel.appcore.dll
0x00007ffacea40000 - 0x00007ffacea57000 	C:\WINDOWS\System32\cryptsp.dll
0x00007ffac0320000 - 0x00007ffac033a000 	C:\Program Files\Android\Android Studio\jre\jre\bin\net.dll
0x00007ffacdba0000 - 0x00007ffacdc07000 	C:\WINDOWS\system32\mswsock.dll
0x00007ffac0120000 - 0x00007ffac0131000 	C:\Program Files\Android\Android Studio\jre\jre\bin\nio.dll
0x00007ffac61a0000 - 0x00007ffac61be000 	C:\Users\lynnf\.gradle\native\25\windows-amd64\native-platform.dll
0x00007ffac6290000 - 0x00007ffac629d000 	C:\Program Files\Android\Android Studio\jre\jre\bin\management.dll
0x00007ffacd710000 - 0x00007ffacd743000 	C:\WINDOWS\system32\rsaenh.dll
0x00007fface3f0000 - 0x00007fface416000 	C:\WINDOWS\System32\bcrypt.dll
0x00007fface250000 - 0x00007fface275000 	C:\WINDOWS\SYSTEM32\USERENV.dll
0x00007ffacdd70000 - 0x00007ffacdd7c000 	C:\WINDOWS\SYSTEM32\CRYPTBASE.dll
0x00007ffacd8b0000 - 0x00007ffacd8ea000 	C:\WINDOWS\SYSTEM32\IPHLPAPI.DLL
0x00007ffad0980000 - 0x00007ffad0988000 	C:\WINDOWS\System32\NSI.dll
0x00007ffac45e0000 - 0x00007ffac45f6000 	C:\WINDOWS\SYSTEM32\dhcpcsvc6.DLL
0x00007ffac5180000 - 0x00007ffac519c000 	C:\WINDOWS\SYSTEM32\dhcpcsvc.DLL
0x00007ffacd8f0000 - 0x00007ffacd9ba000 	C:\WINDOWS\SYSTEM32\DNSAPI.dll
0x00007ffacd390000 - 0x00007ffacd3c1000 	C:\WINDOWS\SYSTEM32\ntmarta.dll

VM Arguments:
jvm_args: -Xmx1536m -Dfile.encoding=x-windows-949 -Duser.country=KR -Duser.language=ko -Duser.variant 
java_command: org.gradle.launcher.daemon.bootstrap.GradleDaemon 4.4
java_class_path (initial): C:\Users\lynnf\.gradle\wrapper\dists\gradle-4.4-all\9br9xq1tocpiv8o6njlyu5op1\gradle-4.4\lib\gradle-launcher-4.4.jar
Launcher Type: SUN_STANDARD

Environment Variables:
JAVA_HOME=C:\Program Files\Java\jdk1.8.0_231
CLASSPATH=C:\Program Files\Java\jdk1.8.0_231\lib;
PATH=C:\WINDOWS\system32;C:\WINDOWS;C:\WINDOWS\System32\Wbem;C:\WINDOWS\System32\WindowsPowerShell\v1.0\;C:\Program Files\dotnet\;C:\Users\lynnf\.dnx\bin;C:\Program Files\Microsoft DNX\Dnvm\;C:\Program Files\Microsoft SQL Server\130\Tools\Binn\;C:\WINDOWS\System32\OpenSSH\;C:\Program Files\Java\jdk1.8.0_231\bin;C:\Program Files\Java\jdk1.8.0_231\lib;C:\Python27;C:\Python27\Scripts;C:\TDM-GCC-64\bin;C:\Program Files\PuTTY\;C:\ProgramData\chocolatey\bin;C:\Program Files\nodejs\;C:\Program Files\Java\jdk1.8.0_231\bin;C:\Program Files\Git\cmd;C:\Users\lynnf\AppData\Local\Microsoft\WindowsApps;C:\Program Files\Bandizip\;C:\Users\lynnf\AppData\Local\GitHubDesktop\bin;C:\Users\lynnf\AppData\Local\Programs\Fiddler;C:\Users\lynnf\AppData\Local\Microsoft\WindowsApps;C:\Users\lynnf\AppData\Roaming\npm;C:\Users\lynnf\AppData\Local\Android\Sdk\platform-tools;
USERNAME=lynnf
OS=Windows_NT
PROCESSOR_IDENTIFIER=Intel64 Family 6 Model 142 Stepping 10, GenuineIntel



---------------  S Y S T E M  ---------------

OS: Windows 10.0 , 64 bit Build 18362 (10.0.18362.329)

CPU:total 8 (initial active 8) (4 cores per cpu, 2 threads per core) family 6 model 142 stepping 10, cmov, cx8, fxsr, mmx, sse, sse2, sse3, ssse3, sse4.1, sse4.2, popcnt, avx, avx2, aes, clmul, erms, 3dnowpref, lzcnt, ht, tsc, tscinvbit, bmi1, bmi2, adx

Memory: 4k page, physical 8295652k(803236k free), swap 8295652k(6340k free)

vm_info: OpenJDK 64-Bit Server VM (25.202-b03) for windows-amd64 JRE (1.8.0_202-release-1483-b03), built by "builder" with MS VC++ 10.0 (VS2010)

time: Sun Jan 12 17:25:54 2020
timezone: 대한민국 표준시
elapsed time: 26 seconds (0d 0h 0m 26s)

